{
  "RSpec": {
    "coverage": {
      "/Users/emilyport/Desktop/Turing/mod_1/projects/night_writer/lib/night_writer.rb": {
        "lines": [
          1,
          null,
          1,
          1,
          1,
          5,
          5,
          5,
          null,
          1,
          1,
          null,
          null,
          null,
          null,
          null,
          null,
          null,
          null,
          null,
          1,
          null,
          null,
          null,
          null,
          null,
          null
        ]
      },
      "/Users/emilyport/Desktop/Turing/mod_1/projects/night_writer/lib/dictionary.rb": {
        "lines": [
          null,
          1,
          1,
          1,
          null,
          9,
          null,
          null,
          1,
          20,
          null,
          null,
          null,
          null,
          null,
          null,
          null,
          null,
          null,
          null,
          null,
          null,
          null
        ]
      },
      "/Users/emilyport/Desktop/Turing/mod_1/projects/night_writer/spec/night_writer_spec.rb": {
        "lines": [
          1,
          1,
          1,
          null,
          null,
          1,
          1,
          null,
          null,
          4,
          4,
          null,
          null,
          1,
          1,
          1,
          null,
          null,
          null,
          1,
          1,
          1,
          1,
          null,
          null,
          1,
          1,
          1,
          null,
          1,
          null,
          null,
          1,
          null,
          null,
          null,
          null,
          null,
          null
        ]
      }
    },
    "timestamp": 1663972909
  }
}
