{
  "RSpec": {
    "coverage": {
      "/Users/emilyport/Desktop/Turing/mod_1/projects/night_writer/lib/night_writer.rb": {
        "lines": [
          null,
          1,
          1,
          1,
          1,
          1,
          null,
          1,
          null,
          null,
          null,
          null,
          null,
          null,
          null,
          null,
          null,
          null,
          1,
          null,
          null,
          null,
          null,
          null,
          null
        ]
      },
      "/Users/emilyport/Desktop/Turing/mod_1/projects/night_writer/lib/dictionary.rb": {
        "lines": [
          1,
          1,
          1,
          3,
          null,
          null,
          1,
          null,
          5,
          null,
          null,
          null,
          null,
          null,
          null,
          1,
          1
        ]
      }
    },
    "timestamp": 1663967246
  }
}
